[2022-12-09 14:16:01Z INFO HostContext] No proxy settings were found based on environmental variables (http_proxy/https_proxy/HTTP_PROXY/HTTPS_PROXY)
[2022-12-09 14:16:01Z INFO HostContext] Well known directory 'Bin': '/home/samet/coursera_ecen/ecenRepo/assignment-1-sametAkTrials/actions-runner/bin'
[2022-12-09 14:16:01Z INFO HostContext] Well known directory 'Root': '/home/samet/coursera_ecen/ecenRepo/assignment-1-sametAkTrials/actions-runner'
[2022-12-09 14:16:01Z INFO HostContext] Well known config file 'Credentials': '/home/samet/coursera_ecen/ecenRepo/assignment-1-sametAkTrials/actions-runner/.credentials'
[2022-12-09 14:16:01Z INFO HostContext] Well known directory 'Bin': '/home/samet/coursera_ecen/ecenRepo/assignment-1-sametAkTrials/actions-runner/bin'
[2022-12-09 14:16:01Z INFO HostContext] Well known directory 'Root': '/home/samet/coursera_ecen/ecenRepo/assignment-1-sametAkTrials/actions-runner'
[2022-12-09 14:16:01Z INFO HostContext] Well known config file 'Runner': '/home/samet/coursera_ecen/ecenRepo/assignment-1-sametAkTrials/actions-runner/.runner'
[2022-12-09 14:16:01Z INFO Listener] Runner is built for Linux (X64) - linux-x64.
[2022-12-09 14:16:01Z INFO Listener] RuntimeInformation: Linux 5.15.0-56-generic #62-Ubuntu SMP Tue Nov 22 19:54:14 UTC 2022.
[2022-12-09 14:16:01Z INFO Listener] Version: 2.299.1
[2022-12-09 14:16:01Z INFO Listener] Commit: 2e44f985bd9bf890dc061e654f6a850c6f1249cf
[2022-12-09 14:16:01Z INFO Listener] Culture: en-US
[2022-12-09 14:16:01Z INFO Listener] UI Culture: en-US
[2022-12-09 14:16:01Z INFO HostContext] Well known directory 'Bin': '/home/samet/coursera_ecen/ecenRepo/assignment-1-sametAkTrials/actions-runner/bin'
[2022-12-09 14:16:01Z INFO HostContext] Well known directory 'Root': '/home/samet/coursera_ecen/ecenRepo/assignment-1-sametAkTrials/actions-runner'
[2022-12-09 14:16:01Z INFO Listener] Validating directory permissions for: '/home/samet/coursera_ecen/ecenRepo/assignment-1-sametAkTrials/actions-runner'
[2022-12-09 14:16:01Z INFO CommandLineParser] Parse
[2022-12-09 14:16:01Z INFO CommandLineParser] Parsing 5 args
[2022-12-09 14:16:01Z INFO CommandLineParser] parsing argument
[2022-12-09 14:16:01Z INFO CommandLineParser] HasArgs: False
[2022-12-09 14:16:01Z INFO CommandLineParser] Adding Command: configure
[2022-12-09 14:16:01Z INFO CommandLineParser] parsing argument
[2022-12-09 14:16:01Z INFO CommandLineParser] HasArgs: True
[2022-12-09 14:16:01Z INFO CommandLineParser] arg: url
[2022-12-09 14:16:01Z INFO CommandLineParser] parsing argument
[2022-12-09 14:16:01Z INFO CommandLineParser] HasArgs: True
[2022-12-09 14:16:01Z INFO CommandLineParser] Adding option 'url': 'https://github.com/cu-ecen-aeld/assignment-1-sametAkTrials'
[2022-12-09 14:16:01Z INFO CommandLineParser] parsing argument
[2022-12-09 14:16:01Z INFO CommandLineParser] HasArgs: True
[2022-12-09 14:16:01Z INFO CommandLineParser] arg: token
[2022-12-09 14:16:01Z INFO CommandLineParser] parsing argument
[2022-12-09 14:16:01Z INFO CommandLineParser] HasArgs: True
[2022-12-09 14:16:01Z INFO CommandLineParser] Adding option 'token': '***'
[2022-12-09 14:16:01Z INFO Listener] Arguments parsed
[2022-12-09 14:16:01Z INFO Runner] ExecuteCommand
[2022-12-09 14:16:01Z INFO ConfigurationStore] currentAssemblyLocation: /home/samet/coursera_ecen/ecenRepo/assignment-1-sametAkTrials/actions-runner/bin/Runner.Listener.dll
[2022-12-09 14:16:01Z INFO HostContext] Well known directory 'Bin': '/home/samet/coursera_ecen/ecenRepo/assignment-1-sametAkTrials/actions-runner/bin'
[2022-12-09 14:16:01Z INFO ConfigurationStore] binPath: /home/samet/coursera_ecen/ecenRepo/assignment-1-sametAkTrials/actions-runner/bin
[2022-12-09 14:16:01Z INFO HostContext] Well known directory 'Bin': '/home/samet/coursera_ecen/ecenRepo/assignment-1-sametAkTrials/actions-runner/bin'
[2022-12-09 14:16:01Z INFO HostContext] Well known directory 'Root': '/home/samet/coursera_ecen/ecenRepo/assignment-1-sametAkTrials/actions-runner'
[2022-12-09 14:16:01Z INFO ConfigurationStore] RootFolder: /home/samet/coursera_ecen/ecenRepo/assignment-1-sametAkTrials/actions-runner
[2022-12-09 14:16:01Z INFO HostContext] Well known directory 'Bin': '/home/samet/coursera_ecen/ecenRepo/assignment-1-sametAkTrials/actions-runner/bin'
[2022-12-09 14:16:01Z INFO HostContext] Well known directory 'Root': '/home/samet/coursera_ecen/ecenRepo/assignment-1-sametAkTrials/actions-runner'
[2022-12-09 14:16:01Z INFO HostContext] Well known config file 'Runner': '/home/samet/coursera_ecen/ecenRepo/assignment-1-sametAkTrials/actions-runner/.runner'
[2022-12-09 14:16:01Z INFO ConfigurationStore] ConfigFilePath: /home/samet/coursera_ecen/ecenRepo/assignment-1-sametAkTrials/actions-runner/.runner
[2022-12-09 14:16:01Z INFO HostContext] Well known directory 'Bin': '/home/samet/coursera_ecen/ecenRepo/assignment-1-sametAkTrials/actions-runner/bin'
[2022-12-09 14:16:01Z INFO HostContext] Well known directory 'Root': '/home/samet/coursera_ecen/ecenRepo/assignment-1-sametAkTrials/actions-runner'
[2022-12-09 14:16:01Z INFO HostContext] Well known config file 'Credentials': '/home/samet/coursera_ecen/ecenRepo/assignment-1-sametAkTrials/actions-runner/.credentials'
[2022-12-09 14:16:01Z INFO ConfigurationStore] CredFilePath: /home/samet/coursera_ecen/ecenRepo/assignment-1-sametAkTrials/actions-runner/.credentials
[2022-12-09 14:16:01Z INFO HostContext] Well known directory 'Bin': '/home/samet/coursera_ecen/ecenRepo/assignment-1-sametAkTrials/actions-runner/bin'
[2022-12-09 14:16:01Z INFO HostContext] Well known directory 'Root': '/home/samet/coursera_ecen/ecenRepo/assignment-1-sametAkTrials/actions-runner'
[2022-12-09 14:16:01Z INFO HostContext] Well known config file 'MigratedCredentials': '/home/samet/coursera_ecen/ecenRepo/assignment-1-sametAkTrials/actions-runner/.credentials_migrated'
[2022-12-09 14:16:01Z INFO ConfigurationStore] MigratedCredFilePath: /home/samet/coursera_ecen/ecenRepo/assignment-1-sametAkTrials/actions-runner/.credentials_migrated
[2022-12-09 14:16:01Z INFO HostContext] Well known directory 'Bin': '/home/samet/coursera_ecen/ecenRepo/assignment-1-sametAkTrials/actions-runner/bin'
[2022-12-09 14:16:01Z INFO HostContext] Well known directory 'Root': '/home/samet/coursera_ecen/ecenRepo/assignment-1-sametAkTrials/actions-runner'
[2022-12-09 14:16:01Z INFO HostContext] Well known config file 'Service': '/home/samet/coursera_ecen/ecenRepo/assignment-1-sametAkTrials/actions-runner/.service'
[2022-12-09 14:16:01Z INFO ConfigurationStore] ServiceConfigFilePath: /home/samet/coursera_ecen/ecenRepo/assignment-1-sametAkTrials/actions-runner/.service
[2022-12-09 14:16:01Z INFO CommandSettings] Flag 'help': 'False'
[2022-12-09 14:16:01Z INFO CommandSettings] Flag 'version': 'False'
[2022-12-09 14:16:01Z INFO CommandSettings] Flag 'commit': 'False'
[2022-12-09 14:16:01Z INFO CommandSettings] Flag 'check': 'False'
[2022-12-09 14:16:01Z INFO CommandSettings] Command 'configure': 'True'
[2022-12-09 14:16:01Z INFO Terminal] WRITE LINE: 
[2022-12-09 14:16:01Z INFO Terminal] WRITE LINE: --------------------------------------------------------------------------------
[2022-12-09 14:16:01Z INFO Terminal] WRITE LINE: |        ____ _ _   _   _       _          _        _   _                      |
[2022-12-09 14:16:01Z INFO Terminal] WRITE LINE: |       / ___(_) |_| | | |_   _| |__      / \   ___| |_(_) ___  _ __  ___      |
[2022-12-09 14:16:01Z INFO Terminal] WRITE LINE: |      | |  _| | __| |_| | | | | '_ \    / _ \ / __| __| |/ _ \| '_ \/ __|     |
[2022-12-09 14:16:01Z INFO Terminal] WRITE LINE: |      | |_| | | |_|  _  | |_| | |_) |  / ___ \ (__| |_| | (_) | | | \__ \     |
[2022-12-09 14:16:01Z INFO Terminal] WRITE LINE: |       \____|_|\__|_| |_|\__,_|_.__/  /_/   \_\___|\__|_|\___/|_| |_|___/     |
[2022-12-09 14:16:01Z INFO Terminal] WRITE LINE: |                                                                              |
[2022-12-09 14:16:01Z INFO Terminal] WRITE: |                       
[2022-12-09 14:16:01Z INFO Terminal] WRITE: Self-hosted runner registration
[2022-12-09 14:16:01Z INFO Terminal] WRITE LINE:                         |
[2022-12-09 14:16:01Z INFO Terminal] WRITE LINE: |                                                                              |
[2022-12-09 14:16:01Z INFO Terminal] WRITE LINE: --------------------------------------------------------------------------------
[2022-12-09 14:16:01Z INFO ConfigurationManager] ConfigureAsync
[2022-12-09 14:16:01Z INFO CommandSettings] Flag 'generateServiceConfig': 'False'
[2022-12-09 14:16:01Z INFO ConfigurationStore] IsConfigured()
[2022-12-09 14:16:01Z INFO ConfigurationStore] IsConfigured: False
[2022-12-09 14:16:01Z INFO ConfigurationManager] Is configured: False
[2022-12-09 14:16:01Z INFO CommandSettings] Arg 'url': 'https://github.com/cu-ecen-aeld/assignment-1-sametAkTrials'
[2022-12-09 14:16:01Z INFO CommandSettings] Remove url from Arg dictionary.
[2022-12-09 14:16:01Z INFO CommandSettings] Arg 'token': '***'
[2022-12-09 14:16:01Z INFO CommandSettings] Remove token from Arg dictionary.
[2022-12-09 14:16:02Z INFO ConfigurationManager] Http response code: OK from 'POST https://api.github.com/actions/runner-registration'
[2022-12-09 14:16:02Z INFO ConfigurationManager] cred retrieved via GitHub auth
[2022-12-09 14:16:02Z INFO RunnerServer] EstablishVssConnection
[2022-12-09 14:16:02Z INFO RunnerServer] Establish connection with 100 seconds timeout.
[2022-12-09 14:16:02Z INFO GitHubActionsService] Starting operation Location.GetConnectionData
[2022-12-09 14:16:02Z INFO RunnerServer] EstablishVssConnection
[2022-12-09 14:16:02Z INFO RunnerServer] Establish connection with 60 seconds timeout.
[2022-12-09 14:16:02Z INFO GitHubActionsService] Starting operation Location.GetConnectionData
[2022-12-09 14:16:02Z INFO RunnerServer] EstablishVssConnection
[2022-12-09 14:16:02Z INFO RunnerServer] Establish connection with 60 seconds timeout.
[2022-12-09 14:16:02Z INFO GitHubActionsService] Starting operation Location.GetConnectionData
[2022-12-09 14:16:04Z INFO GitHubActionsService] Finished operation Location.GetConnectionData
[2022-12-09 14:16:04Z INFO GitHubActionsService] Finished operation Location.GetConnectionData
[2022-12-09 14:16:04Z INFO GitHubActionsService] Finished operation Location.GetConnectionData
[2022-12-09 14:16:04Z INFO Terminal] WRITE LINE: 
[2022-12-09 14:16:04Z INFO ConfigurationManager] Test Connection complete.
[2022-12-09 14:16:04Z INFO HostContext] Well known directory 'Bin': '/home/samet/coursera_ecen/ecenRepo/assignment-1-sametAkTrials/actions-runner/bin'
[2022-12-09 14:16:04Z INFO HostContext] Well known directory 'Root': '/home/samet/coursera_ecen/ecenRepo/assignment-1-sametAkTrials/actions-runner'
[2022-12-09 14:16:04Z INFO HostContext] Well known config file 'RSACredentials': '/home/samet/coursera_ecen/ecenRepo/assignment-1-sametAkTrials/actions-runner/.credentials_rsaparams'
[2022-12-09 14:16:04Z INFO RSAFileKeyManager] Creating new RSA key using 2048-bit key length
[2022-12-09 14:16:04Z INFO RSAFileKeyManager] Successfully saved RSA key parameters to file /home/samet/coursera_ecen/ecenRepo/assignment-1-sametAkTrials/actions-runner/.credentials_rsaparams
[2022-12-09 14:16:04Z INFO RSAFileKeyManager] Which: 'chmod'
[2022-12-09 14:16:04Z INFO RSAFileKeyManager] Location: '/usr/bin/chmod'
[2022-12-09 14:16:04Z INFO HostContext] Well known directory 'Bin': '/home/samet/coursera_ecen/ecenRepo/assignment-1-sametAkTrials/actions-runner/bin'
[2022-12-09 14:16:04Z INFO HostContext] Well known directory 'Root': '/home/samet/coursera_ecen/ecenRepo/assignment-1-sametAkTrials/actions-runner'
[2022-12-09 14:16:04Z INFO ProcessInvokerWrapper] Starting process:
[2022-12-09 14:16:04Z INFO ProcessInvokerWrapper]   File name: '/usr/bin/chmod'
[2022-12-09 14:16:04Z INFO ProcessInvokerWrapper]   Arguments: '600 /home/samet/coursera_ecen/ecenRepo/assignment-1-sametAkTrials/actions-runner/.credentials_rsaparams'
[2022-12-09 14:16:04Z INFO ProcessInvokerWrapper]   Working directory: '/home/samet/coursera_ecen/ecenRepo/assignment-1-sametAkTrials/actions-runner'
[2022-12-09 14:16:04Z INFO ProcessInvokerWrapper]   Require exit code zero: 'False'
[2022-12-09 14:16:04Z INFO ProcessInvokerWrapper]   Encoding web name:  ; code page: ''
[2022-12-09 14:16:04Z INFO ProcessInvokerWrapper]   Force kill process on cancellation: 'False'
[2022-12-09 14:16:04Z INFO ProcessInvokerWrapper]   Redirected STDIN: 'False'
[2022-12-09 14:16:04Z INFO ProcessInvokerWrapper]   Persist current code page: 'False'
[2022-12-09 14:16:04Z INFO ProcessInvokerWrapper]   Keep redirected STDIN open: 'False'
[2022-12-09 14:16:04Z INFO ProcessInvokerWrapper]   High priority process: 'False'
[2022-12-09 14:16:04Z INFO ProcessInvokerWrapper] Process started with process id 7393, waiting for process exit.
[2022-12-09 14:16:04Z INFO ProcessInvokerWrapper] STDOUT/STDERR stream read finished.
[2022-12-09 14:16:04Z INFO ProcessInvokerWrapper] STDOUT/STDERR stream read finished.
[2022-12-09 14:16:04Z INFO ProcessInvokerWrapper] Finished process 7393 with exit code 0, and elapsed time 00:00:00.0086622.
[2022-12-09 14:16:04Z INFO RSAFileKeyManager] Successfully set permissions for RSA key parameters file /home/samet/coursera_ecen/ecenRepo/assignment-1-sametAkTrials/actions-runner/.credentials_rsaparams
[2022-12-09 14:16:04Z INFO CommandSettings] Arg 'runnergroup': ''
[2022-12-09 14:16:04Z INFO CommandSettings] Flag 'unattended': 'False'
[2022-12-09 14:16:04Z INFO PromptManager] ReadValue
[2022-12-09 14:16:04Z INFO Terminal] WRITE: Enter the name of the runner group to add this runner to: 
[2022-12-09 14:16:04Z INFO Terminal] WRITE: [press Enter for Default] 
[2022-12-09 14:16:04Z INFO Terminal] READ LINE
[2022-12-09 14:16:19Z INFO Terminal] Read value: ''
[2022-12-09 14:16:19Z INFO PromptManager] Falling back to the default: 'Default'
[2022-12-09 14:16:19Z INFO Terminal] WRITE LINE: 
[2022-12-09 14:16:19Z INFO ConfigurationManager] Found a self-hosted runner group with id 1 and name Default
[2022-12-09 14:16:19Z INFO CommandSettings] Flag 'disableupdate': 'False'
[2022-12-09 14:16:19Z INFO CommandSettings] Flag 'ephemeral': 'False'
[2022-12-09 14:16:19Z INFO CommandSettings] Arg 'name': ''
[2022-12-09 14:16:19Z INFO CommandSettings] Flag 'unattended': 'False'
[2022-12-09 14:16:19Z INFO PromptManager] ReadValue
[2022-12-09 14:16:19Z INFO Terminal] WRITE: Enter the name of runner: 
[2022-12-09 14:16:19Z INFO Terminal] WRITE: [press Enter for sakVB] 
[2022-12-09 14:16:19Z INFO Terminal] READ LINE
[2022-12-09 14:16:42Z INFO Terminal] Read value: ''
[2022-12-09 14:16:42Z INFO PromptManager] Falling back to the default: 'sakVB'
[2022-12-09 14:16:42Z INFO Terminal] WRITE LINE: 
[2022-12-09 14:16:42Z INFO CommandSettings] Arg 'labels': ''
[2022-12-09 14:16:42Z INFO CommandSettings] Flag 'unattended': 'False'
[2022-12-09 14:16:42Z INFO PromptManager] ReadValue
[2022-12-09 14:16:42Z INFO Terminal] WRITE: This runner will have the following labels: 'self-hosted', 'Linux', 'X64' 
Enter any additional labels (ex. label-1,label-2): 
[2022-12-09 14:16:42Z INFO Terminal] WRITE: [press Enter to skip] 
[2022-12-09 14:16:42Z INFO Terminal] READ LINE
[2022-12-09 14:17:41Z INFO Terminal] Read value: ''
[2022-12-09 14:17:41Z INFO Terminal] WRITE LINE: 
[2022-12-09 14:17:42Z INFO CommandSettings] Flag 'disableupdate': 'False'
[2022-12-09 14:17:42Z INFO CommandSettings] Flag 'disableupdate': 'False'
[2022-12-09 14:17:42Z INFO CommandSettings] Flag 'ephemeral': 'False'
[2022-12-09 14:17:42Z INFO ConfigurationStore] Saving OAuth credential @ /home/samet/coursera_ecen/ecenRepo/assignment-1-sametAkTrials/actions-runner/.credentials
[2022-12-09 14:17:42Z INFO ConfigurationStore] Credentials Saved.
[2022-12-09 14:17:42Z INFO ConfigurationStore] HasCredentials()
[2022-12-09 14:17:42Z INFO ConfigurationStore] stored True
[2022-12-09 14:17:42Z INFO CredentialManager] GetCredentialProvider
[2022-12-09 14:17:42Z INFO CredentialManager] Creating type OAuth
[2022-12-09 14:17:42Z INFO CredentialManager] Creating credential type: OAuth
[2022-12-09 14:17:42Z INFO RSAFileKeyManager] Loading RSA key parameters from file /home/samet/coursera_ecen/ecenRepo/assignment-1-sametAkTrials/actions-runner/.credentials_rsaparams
[2022-12-09 14:17:42Z INFO RunnerServer] EstablishVssConnection
[2022-12-09 14:17:42Z INFO RunnerServer] Establish connection with 100 seconds timeout.
[2022-12-09 14:17:42Z INFO GitHubActionsService] Starting operation Location.GetConnectionData
[2022-12-09 14:17:42Z INFO RunnerServer] EstablishVssConnection
[2022-12-09 14:17:42Z INFO RunnerServer] Establish connection with 60 seconds timeout.
[2022-12-09 14:17:42Z INFO GitHubActionsService] Starting operation Location.GetConnectionData
[2022-12-09 14:17:42Z INFO RunnerServer] EstablishVssConnection
[2022-12-09 14:17:42Z INFO RunnerServer] Establish connection with 60 seconds timeout.
[2022-12-09 14:17:42Z INFO GitHubActionsService] Starting operation Location.GetConnectionData
[2022-12-09 14:17:43Z INFO GitHubActionsService] Finished operation Location.GetConnectionData
[2022-12-09 14:17:43Z INFO GitHubActionsService] Finished operation Location.GetConnectionData
[2022-12-09 14:17:43Z INFO GitHubActionsService] Finished operation Location.GetConnectionData
[2022-12-09 14:17:43Z INFO RSAFileKeyManager] Loading RSA key parameters from file /home/samet/coursera_ecen/ecenRepo/assignment-1-sametAkTrials/actions-runner/.credentials_rsaparams
[2022-12-09 14:17:43Z INFO RSAFileKeyManager] Loading RSA key parameters from file /home/samet/coursera_ecen/ecenRepo/assignment-1-sametAkTrials/actions-runner/.credentials_rsaparams
[2022-12-09 14:17:43Z INFO GitHubActionsService] AAD Correlation ID for this token request: Unknown
[2022-12-09 14:17:43Z INFO CommandSettings] Arg 'work': ''
[2022-12-09 14:17:43Z INFO CommandSettings] Flag 'unattended': 'False'
[2022-12-09 14:17:43Z INFO PromptManager] ReadValue
[2022-12-09 14:17:43Z INFO Terminal] WRITE: Enter name of work folder: 
[2022-12-09 14:17:43Z INFO Terminal] WRITE: [press Enter for _work] 
[2022-12-09 14:17:43Z INFO Terminal] READ LINE
[2022-12-09 14:17:48Z INFO Terminal] Read value: ''
[2022-12-09 14:17:48Z INFO PromptManager] Falling back to the default: '_work'
[2022-12-09 14:17:48Z INFO ConfigurationStore] Saving runner settings.
[2022-12-09 14:17:48Z INFO ConfigurationStore] Settings Saved.
[2022-12-09 14:17:48Z INFO Terminal] WRITE LINE: 
[2022-12-09 14:17:48Z INFO Terminal] WRITE LINE: 
[2022-12-09 14:17:48Z INFO SystemDControlManager] Service name 'actions.runner.cu-ecen-aeld-assignment-1-sametAkTrials.sakVB.service' display name 'GitHub Actions Runner (cu-ecen-aeld-assignment-1-sametAkTrials.sakVB)' will be used for service configuration.
[2022-12-09 14:17:48Z INFO HostContext] Well known directory 'Bin': '/home/samet/coursera_ecen/ecenRepo/assignment-1-sametAkTrials/actions-runner/bin'
[2022-12-09 14:17:48Z INFO HostContext] Well known directory 'Root': '/home/samet/coursera_ecen/ecenRepo/assignment-1-sametAkTrials/actions-runner'
[2022-12-09 14:17:48Z INFO HostContext] Well known directory 'Bin': '/home/samet/coursera_ecen/ecenRepo/assignment-1-sametAkTrials/actions-runner/bin'
[2022-12-09 14:17:48Z INFO HostContext] Well known directory 'Bin': '/home/samet/coursera_ecen/ecenRepo/assignment-1-sametAkTrials/actions-runner/bin'
[2022-12-09 14:17:48Z INFO HostContext] Well known directory 'Root': '/home/samet/coursera_ecen/ecenRepo/assignment-1-sametAkTrials/actions-runner'
[2022-12-09 14:17:48Z INFO UnixUtil] Which: 'chmod'
[2022-12-09 14:17:48Z INFO UnixUtil] Location: '/usr/bin/chmod'
[2022-12-09 14:17:48Z INFO UnixUtil] Running /usr/bin/chmod 755 "/home/samet/coursera_ecen/ecenRepo/assignment-1-sametAkTrials/actions-runner/svc.sh"
[2022-12-09 14:17:48Z INFO ProcessInvokerWrapper] Starting process:
[2022-12-09 14:17:48Z INFO ProcessInvokerWrapper]   File name: '/usr/bin/chmod'
[2022-12-09 14:17:48Z INFO ProcessInvokerWrapper]   Arguments: '755 "/home/samet/coursera_ecen/ecenRepo/assignment-1-sametAkTrials/actions-runner/svc.sh"'
[2022-12-09 14:17:48Z INFO ProcessInvokerWrapper]   Working directory: '/home/samet/coursera_ecen/ecenRepo/assignment-1-sametAkTrials/actions-runner'
[2022-12-09 14:17:48Z INFO ProcessInvokerWrapper]   Require exit code zero: 'True'
[2022-12-09 14:17:48Z INFO ProcessInvokerWrapper]   Encoding web name:  ; code page: ''
[2022-12-09 14:17:48Z INFO ProcessInvokerWrapper]   Force kill process on cancellation: 'False'
[2022-12-09 14:17:48Z INFO ProcessInvokerWrapper]   Redirected STDIN: 'False'
[2022-12-09 14:17:48Z INFO ProcessInvokerWrapper]   Persist current code page: 'False'
[2022-12-09 14:17:48Z INFO ProcessInvokerWrapper]   Keep redirected STDIN open: 'False'
[2022-12-09 14:17:48Z INFO ProcessInvokerWrapper]   High priority process: 'False'
[2022-12-09 14:17:48Z INFO ProcessInvokerWrapper] STDOUT/STDERR stream read finished.
[2022-12-09 14:17:48Z INFO ProcessInvokerWrapper] STDOUT/STDERR stream read finished.
[2022-12-09 14:17:48Z INFO ProcessInvokerWrapper] Process started with process id 7419, waiting for process exit.
[2022-12-09 14:17:48Z INFO ProcessInvokerWrapper] Finished process 7419 with exit code 0, and elapsed time 00:00:00.0081367.
[2022-12-09 14:17:48Z INFO Listener] Runner execution has finished with return code 0
